<?xml version="1.0" encoding="UTF-8"?>
<!-- Generated by org.testng.reporters.JUnitXMLReporter -->
<testsuite ignored="0" hostname="DESKTOP-1CCS179" failures="3" tests="4" name="RegressionTest" time="57.573" errors="0" timestamp="2023-09-27T09:47:26 IST">
  <testcase classname="com.opencart.testLayer.AddressTest" name="validateAddingNewAddressbyProvidingOnlyMandatoryfields" time="8.28"/>
  <testcase classname="com.opencart.testLayer.LoginTest" name="validateloggingintotheApplicationusinginvalidcredentials" time="3.448">
    <failure type="java.lang.AssertionError" message="expected [Account Logina] but found [Account Login]">
      <![CDATA[java.lang.AssertionError: expected [Account Logina] but found [Account Login]
at com.opencart.testLayer.LoginTest.validateloggingintotheApplicationusinginvalidcredentials(LoginTest.java:48)
at java.base/java.util.ArrayList.forEach(ArrayList.java:1511)
... Removed 33 stack frames]]>
    </failure>
  </testcase> <!-- validateloggingintotheApplicationusinginvalidcredentials -->
  <testcase classname="com.opencart.testLayer.LoginTest" name="validateloggingintotheApplicationusingvalidcredentials" time="3.61">
    <failure type="java.lang.AssertionError" message="expected [My Accounta] but found [My Account]">
      <![CDATA[java.lang.AssertionError: expected [My Accounta] but found [My Account]
at com.opencart.testLayer.LoginTest.validateloggingintotheApplicationusingvalidcredentials(LoginTest.java:29)
at java.base/java.util.ArrayList.forEach(ArrayList.java:1511)
... Removed 33 stack frames]]>
    </failure>
  </testcase> <!-- validateloggingintotheApplicationusingvalidcredentials -->
  <testcase classname="com.opencart.testLayer.RegisterAccountTest" name="validateRegisterAccountbyprovidingonlyMandatoryFields" time="6.008">
    <failure type="java.lang.AssertionError" message="expected [Your Account Has Been Created!] but found [Register Account]">
      <![CDATA[java.lang.AssertionError: expected [Your Account Has Been Created!] but found [Register Account]
at com.opencart.testLayer.RegisterAccountTest.validateRegisterAccountbyprovidingonlyMandatoryFields(RegisterAccountTest.java:34)
at java.base/java.util.ArrayList.forEach(ArrayList.java:1511)
... Removed 33 stack frames]]>
    </failure>
  </testcase> <!-- validateRegisterAccountbyprovidingonlyMandatoryFields -->
</testsuite> <!-- RegressionTest -->
